
[2016-04-18 16:12:14] Beginning TopHat run (v2.1.0)
-----------------------------------------------
[2016-04-18 16:12:14] Checking for Bowtie
		  Bowtie version:	 2.2.6.0
[2016-04-18 16:12:14] Checking for Bowtie index files (genome)..
[2016-04-18 16:12:14] Checking for reference FASTA file
[2016-04-18 16:12:14] Generating SAM header for /home/artem/Crown/resources/hgr/hgr
[2016-04-18 16:12:14] Preparing reads
	 left reads: min. length=76, max. length=76, 10898772 kept reads (7180 discarded)
	right reads: min. length=76, max. length=76, 10899361 kept reads (6591 discarded)
[2016-04-18 16:17:01] Mapping left_kept_reads to genome hgr with Bowtie2 
[2016-04-18 16:28:07] Mapping left_kept_reads_seg1 to genome hgr with Bowtie2 (1/3)
[2016-04-18 16:28:56] Mapping left_kept_reads_seg2 to genome hgr with Bowtie2 (2/3)
[2016-04-18 16:29:40] Mapping left_kept_reads_seg3 to genome hgr with Bowtie2 (3/3)
[2016-04-18 16:30:30] Mapping right_kept_reads to genome hgr with Bowtie2 
[2016-04-18 16:41:55] Mapping right_kept_reads_seg1 to genome hgr with Bowtie2 (1/3)
[2016-04-18 16:42:54] Mapping right_kept_reads_seg2 to genome hgr with Bowtie2 (2/3)
[2016-04-18 16:43:45] Mapping right_kept_reads_seg3 to genome hgr with Bowtie2 (3/3)
[2016-04-18 16:44:45] Searching for junctions via segment mapping
[2016-04-18 16:47:54] Retrieving sequences for splices
[2016-04-18 16:47:54] Indexing splices
[2016-04-18 16:47:54] Mapping left_kept_reads_seg1 to genome segment_juncs with Bowtie2 (1/3)
[2016-04-18 16:49:29] Mapping left_kept_reads_seg2 to genome segment_juncs with Bowtie2 (2/3)
[2016-04-18 16:51:03] Mapping left_kept_reads_seg3 to genome segment_juncs with Bowtie2 (3/3)
[2016-04-18 16:52:43] Joining segment hits
[2016-04-18 16:54:38] Mapping right_kept_reads_seg1 to genome segment_juncs with Bowtie2 (1/3)
[2016-04-18 16:56:25] Mapping right_kept_reads_seg2 to genome segment_juncs with Bowtie2 (2/3)
[2016-04-18 16:58:05] Mapping right_kept_reads_seg3 to genome segment_juncs with Bowtie2 (3/3)
[2016-04-18 16:59:57] Joining segment hits
[2016-04-18 17:01:58] Reporting output tracks
-----------------------------------------------
[2016-04-18 17:21:55] A summary of the alignment counts can be found in ./tophat_out/align_summary.txt
[2016-04-18 17:21:55] Run complete: 01:09:40 elapsed
